<?xml version="1.0" encoding="UTF-8"?>
<!-- Generated by org.testng.reporters.JUnitReportReporter -->
<testsuite hostname="WIN-IT-M-12" failures="0" tests="1" name="com.winConnect.test.RunSingleSuite" time="1.069" errors="0" timestamp="13 Jul 2021 11:47:42 GMT" skipped="0">
  <testcase classname="com.winConnect.test.RunSingleSuite" name="runScenario" time="1.069"/>
</testsuite> <!-- com.winConnect.test.RunSingleSuite -->
